# JRE version: Java(TM) SE Runtime Environment (16.0.1+9) (build 16.0.1+9-24)
# Java VM: Java HotSpot(TM) 64-Bit Server VM (16.0.1+9-24, mixed mode, sharing, tiered, compressed oops, compressed class ptrs, g1 gc, windows-amd64)
GC Precious Log:
 CPUs: 6 total, 6 available
 Memory: 15733M
 Large Page Support: Disabled
 NUMA Support: Disabled
 Compressed Oops: Enabled (Zero based)
 Heap Region Size: 2M
 Heap Min Capacity: 8M
 Heap Initial Capacity: 246M
 Heap Max Capacity: 3934M
 Pre-touch: Disabled
 Parallel Workers: 6
 Concurrent Workers: 2
 Concurrent Refinement Workers: 6
 Periodic GC: Disabled
Heap:
 garbage-first heap   total 153600K, used 91557K [0x000000070a200000, 0x0000000800000000)
  region size 2048K, 16 young (32768K), 1 survivors (2048K)
 Metaspace       used 32755K, committed 33152K, reserved 1081344K
  class space    used 3433K, committed 3648K, reserved 1048576K
GC Heap History (20 events):
Event: 5.650 GC heap before
{Heap before GC invocations=5 (full 0):
 garbage-first heap   total 55296K, used 36254K [0x000000070a200000, 0x0000000800000000)
  region size 2048K, 16 young (32768K), 5 survivors (10240K)
 Metaspace       used 23448K, committed 23744K, reserved 1073152K
  class space    used 2561K, committed 2688K, reserved 1048576K
}
Event: 5.664 GC heap after
{Heap after GC invocations=6 (full 0):
 garbage-first heap   total 55296K, used 20961K [0x000000070a200000, 0x0000000800000000)
  region size 2048K, 2 young (4096K), 2 survivors (4096K)
 Metaspace       used 23448K, committed 23744K, reserved 1073152K
  class space    used 2561K, committed 2688K, reserved 1048576K
}
Event: 5.854 GC heap before
{Heap before GC invocations=6 (full 0):
 garbage-first heap   total 55296K, used 35297K [0x000000070a200000, 0x0000000800000000)
  region size 2048K, 10 young (20480K), 2 survivors (4096K)
 Metaspace       used 23502K, committed 23744K, reserved 1073152K
  class space    used 2562K, committed 2688K, reserved 1048576K
}
Event: 5.859 GC heap after
{Heap after GC invocations=7 (full 0):
 garbage-first heap   total 55296K, used 26169K [0x000000070a200000, 0x0000000800000000)
  region size 2048K, 2 young (4096K), 2 survivors (4096K)
 Metaspace       used 23502K, committed 23744K, reserved 1073152K
  class space    used 2562K, committed 2688K, reserved 1048576K
}
Event: 5.943 GC heap before
{Heap before GC invocations=7 (full 0):
 garbage-first heap   total 55296K, used 36409K [0x000000070a200000, 0x0000000800000000)
  region size 2048K, 8 young (16384K), 2 survivors (4096K)
 Metaspace       used 23504K, committed 23744K, reserved 1073152K
  class space    used 2562K, committed 2688K, reserved 1048576K
}
Event: 5.947 GC heap after
{Heap after GC invocations=8 (full 0):
 garbage-first heap   total 55296K, used 29129K [0x000000070a200000, 0x0000000800000000)
  region size 2048K, 1 young (2048K), 1 survivors (2048K)
 Metaspace       used 23504K, committed 23744K, reserved 1073152K
  class space    used 2562K, committed 2688K, reserved 1048576K
}
Event: 5.949 GC heap before
{Heap before GC invocations=8 (full 0):
 garbage-first heap   total 55296K, used 37321K [0x000000070a200000, 0x0000000800000000)
  region size 2048K, 6 young (12288K), 1 survivors (2048K)
 Metaspace       used 23504K, committed 23744K, reserved 1073152K
  class space    used 2562K, committed 2688K, reserved 1048576K
}
Event: 5.951 GC heap after
{Heap after GC invocations=9 (full 0):
 garbage-first heap   total 153600K, used 29364K [0x000000070a200000, 0x0000000800000000)
  region size 2048K, 1 young (2048K), 1 survivors (2048K)
 Metaspace       used 23504K, committed 23744K, reserved 1073152K
  class space    used 2562K, committed 2688K, reserved 1048576K
}
Event: 6.718 GC heap before
{Heap before GC invocations=10 (full 0):
 garbage-first heap   total 153600K, used 94900K [0x000000070a200000, 0x0000000800000000)
  region size 2048K, 34 young (69632K), 1 survivors (2048K)
 Metaspace       used 25425K, committed 25664K, reserved 1073152K
  class space    used 2728K, committed 2816K, reserved 1048576K
}
Event: 6.728 GC heap after
{Heap after GC invocations=11 (full 0):
 garbage-first heap   total 153600K, used 37476K [0x000000070a200000, 0x0000000800000000)
  region size 2048K, 4 young (8192K), 4 survivors (8192K)
 Metaspace       used 25425K, committed 25664K, reserved 1073152K
  class space    used 2728K, committed 2816K, reserved 1048576K
}
Event: 7.480 GC heap before
{Heap before GC invocations=11 (full 0):
 garbage-first heap   total 153600K, used 103012K [0x000000070a200000, 0x0000000800000000)
  region size 2048K, 36 young (73728K), 4 survivors (8192K)
 Metaspace       used 26902K, committed 27200K, reserved 1073152K
  class space    used 2873K, committed 3008K, reserved 1048576K
}
Event: 7.487 GC heap after
{Heap after GC invocations=12 (full 0):
 garbage-first heap   total 153600K, used 38922K [0x000000070a200000, 0x0000000800000000)
  region size 2048K, 1 young (2048K), 1 survivors (2048K)
 Metaspace       used 26902K, committed 27200K, reserved 1073152K
  class space    used 2873K, committed 3008K, reserved 1048576K
}
Event: 8.493 GC heap before
{Heap before GC invocations=12 (full 0):
 garbage-first heap   total 153600K, used 110602K [0x000000070a200000, 0x0000000800000000)
  region size 2048K, 35 young (71680K), 1 survivors (2048K)
 Metaspace       used 29536K, committed 29888K, reserved 1081344K
  class space    used 3125K, committed 3328K, reserved 1048576K
}
Event: 8.499 GC heap after
{Heap after GC invocations=13 (full 0):
 garbage-first heap   total 153600K, used 43758K [0x000000070a200000, 0x0000000800000000)
  region size 2048K, 3 young (6144K), 3 survivors (6144K)
 Metaspace       used 29536K, committed 29888K, reserved 1081344K
  class space    used 3125K, committed 3328K, reserved 1048576K
}
Event: 8.732 GC heap before
{Heap before GC invocations=13 (full 0):
 garbage-first heap   total 153600K, used 109294K [0x000000070a200000, 0x0000000800000000)
  region size 2048K, 36 young (73728K), 3 survivors (6144K)
 Metaspace       used 29590K, committed 30016K, reserved 1081344K
  class space    used 3126K, committed 3328K, reserved 1048576K
}
Event: 8.740 GC heap after
{Heap after GC invocations=14 (full 0):
 garbage-first heap   total 153600K, used 55174K [0x000000070a200000, 0x0000000800000000)
  region size 2048K, 5 young (10240K), 5 survivors (10240K)
 Metaspace       used 29590K, committed 30016K, reserved 1081344K
  class space    used 3126K, committed 3328K, reserved 1048576K
}
Event: 8.888 GC heap before
{Heap before GC invocations=14 (full 0):
 garbage-first heap   total 153600K, used 106374K [0x000000070a200000, 0x0000000800000000)
  region size 2048K, 31 young (63488K), 5 survivors (10240K)
 Metaspace       used 29632K, committed 30016K, reserved 1081344K
  class space    used 3126K, committed 3328K, reserved 1048576K
}
Event: 8.897 GC heap after
{Heap after GC invocations=15 (full 0):
 garbage-first heap   total 153600K, used 60878K [0x000000070a200000, 0x0000000800000000)
  region size 2048K, 3 young (6144K), 3 survivors (6144K)
 Metaspace       used 29632K, committed 30016K, reserved 1081344K
  class space    used 3126K, committed 3328K, reserved 1048576K
}
Event: 9.516 GC heap before
{Heap before GC invocations=15 (full 0):
 garbage-first heap   total 153600K, used 107982K [0x000000070a200000, 0x0000000800000000)
  region size 2048K, 27 young (55296K), 3 survivors (6144K)
 Metaspace       used 31610K, committed 32000K, reserved 1081344K
  class space    used 3331K, committed 3520K, reserved 1048576K
}
Event: 9.522 GC heap after
{Heap after GC invocations=16 (full 0):
 garbage-first heap   total 153600K, used 62885K [0x000000070a200000, 0x0000000800000000)
  region size 2048K, 1 young (2048K), 1 survivors (2048K)
 Metaspace       used 31610K, committed 32000K, reserved 1081344K
  class space    used 3331K, committed 3520K, reserved 1048576K
}

