# JRE version: Java(TM) SE Runtime Environment (16.0.1+9) (build 16.0.1+9-24)
# Java VM: Java HotSpot(TM) 64-Bit Server VM (16.0.1+9-24, mixed mode, sharing, tiered, compressed oops, compressed class ptrs, g1 gc, windows-amd64)
GC Precious Log:
 CPUs: 6 total, 6 available
 Memory: 15733M
 Large Page Support: Disabled
 NUMA Support: Disabled
 Compressed Oops: Enabled (Zero based)
 Heap Region Size: 2M
 Heap Min Capacity: 8M
 Heap Initial Capacity: 246M
 Heap Max Capacity: 3934M
 Pre-touch: Disabled
 Parallel Workers: 6
 Concurrent Workers: 2
 Concurrent Refinement Workers: 6
 Periodic GC: Disabled
Heap:
 garbage-first heap   total 208896K, used 120355K [0x000000070a200000, 0x0000000800000000)
  region size 2048K, 29 young (59392K), 4 survivors (8192K)
 Metaspace       used 33276K, committed 33664K, reserved 1081344K
  class space    used 3482K, committed 3648K, reserved 1048576K
GC Heap History (20 events):
Event: 4.387 GC heap before
{Heap before GC invocations=6 (full 0):
 garbage-first heap   total 55296K, used 37922K [0x000000070a200000, 0x0000000800000000)
  region size 2048K, 10 young (20480K), 2 survivors (4096K)
 Metaspace       used 23526K, committed 23808K, reserved 1073152K
  class space    used 2561K, committed 2688K, reserved 1048576K
}
Event: 4.392 GC heap after
{Heap after GC invocations=7 (full 0):
 garbage-first heap   total 55296K, used 26925K [0x000000070a200000, 0x0000000800000000)
  region size 2048K, 2 young (4096K), 2 survivors (4096K)
 Metaspace       used 23526K, committed 23808K, reserved 1073152K
  class space    used 2561K, committed 2688K, reserved 1048576K
}
Event: 4.453 GC heap before
{Heap before GC invocations=7 (full 0):
 garbage-first heap   total 55296K, used 37165K [0x000000070a200000, 0x0000000800000000)
  region size 2048K, 8 young (16384K), 2 survivors (4096K)
 Metaspace       used 23561K, committed 23872K, reserved 1073152K
  class space    used 2561K, committed 2688K, reserved 1048576K
}
Event: 4.457 GC heap after
{Heap after GC invocations=8 (full 0):
 garbage-first heap   total 55296K, used 30185K [0x000000070a200000, 0x0000000800000000)
  region size 2048K, 1 young (2048K), 1 survivors (2048K)
 Metaspace       used 23561K, committed 23872K, reserved 1073152K
  class space    used 2561K, committed 2688K, reserved 1048576K
}
Event: 4.459 GC heap before
{Heap before GC invocations=8 (full 0):
 garbage-first heap   total 55296K, used 38377K [0x000000070a200000, 0x0000000800000000)
  region size 2048K, 6 young (12288K), 1 survivors (2048K)
 Metaspace       used 23561K, committed 23872K, reserved 1073152K
  class space    used 2561K, committed 2688K, reserved 1048576K
}
Event: 4.461 GC heap after
{Heap after GC invocations=9 (full 0):
 garbage-first heap   total 153600K, used 30298K [0x000000070a200000, 0x0000000800000000)
  region size 2048K, 1 young (2048K), 1 survivors (2048K)
 Metaspace       used 23561K, committed 23872K, reserved 1073152K
  class space    used 2561K, committed 2688K, reserved 1048576K
}
Event: 4.944 GC heap before
{Heap before GC invocations=10 (full 0):
 garbage-first heap   total 153600K, used 97882K [0x000000070a200000, 0x0000000800000000)
  region size 2048K, 35 young (71680K), 1 survivors (2048K)
 Metaspace       used 24674K, committed 24896K, reserved 1073152K
  class space    used 2644K, committed 2752K, reserved 1048576K
}
Event: 4.955 GC heap after
{Heap after GC invocations=11 (full 0):
 garbage-first heap   total 153600K, used 41759K [0x000000070a200000, 0x0000000800000000)
  region size 2048K, 5 young (10240K), 5 survivors (10240K)
 Metaspace       used 24674K, committed 24896K, reserved 1073152K
  class space    used 2644K, committed 2752K, reserved 1048576K
}
Event: 5.773 GC heap before
{Heap before GC invocations=11 (full 0):
 garbage-first heap   total 153600K, used 103199K [0x000000070a200000, 0x0000000800000000)
  region size 2048K, 35 young (71680K), 5 survivors (10240K)
 Metaspace       used 27119K, committed 27392K, reserved 1081344K
  class space    used 2903K, committed 3008K, reserved 1048576K
}
Event: 5.781 GC heap after
{Heap after GC invocations=12 (full 0):
 garbage-first heap   total 153600K, used 43332K [0x000000070a200000, 0x0000000800000000)
  region size 2048K, 1 young (2048K), 1 survivors (2048K)
 Metaspace       used 27119K, committed 27392K, reserved 1081344K
  class space    used 2903K, committed 3008K, reserved 1048576K
}
Event: 6.062 GC heap before
{Heap before GC invocations=12 (full 0):
 garbage-first heap   total 153600K, used 108868K [0x000000070a200000, 0x0000000800000000)
  region size 2048K, 33 young (67584K), 1 survivors (2048K)
 Metaspace       used 27472K, committed 27840K, reserved 1081344K
  class space    used 2914K, committed 3072K, reserved 1048576K
}
Event: 6.065 GC heap after
{Heap after GC invocations=13 (full 0):
 garbage-first heap   total 153600K, used 44098K [0x000000070a200000, 0x0000000800000000)
  region size 2048K, 2 young (4096K), 2 survivors (4096K)
 Metaspace       used 27472K, committed 27840K, reserved 1081344K
  class space    used 2914K, committed 3072K, reserved 1048576K
}
Event: 6.939 GC heap before
{Heap before GC invocations=13 (full 0):
 garbage-first heap   total 153600K, used 113730K [0x000000070a200000, 0x0000000800000000)
  region size 2048K, 35 young (71680K), 2 survivors (4096K)
 Metaspace       used 30049K, committed 30464K, reserved 1081344K
  class space    used 3166K, committed 3392K, reserved 1048576K
}
Event: 6.946 GC heap after
{Heap after GC invocations=14 (full 0):
 garbage-first heap   total 153600K, used 48883K [0x000000070a200000, 0x0000000800000000)
  region size 2048K, 3 young (6144K), 3 survivors (6144K)
 Metaspace       used 30049K, committed 30464K, reserved 1081344K
  class space    used 3166K, committed 3392K, reserved 1048576K
}
Event: 7.098 GC heap before
{Heap before GC invocations=14 (full 0):
 garbage-first heap   total 153600K, used 112371K [0x000000070a200000, 0x0000000800000000)
  region size 2048K, 35 young (71680K), 3 survivors (6144K)
 Metaspace       used 30095K, committed 30528K, reserved 1081344K
  class space    used 3168K, committed 3392K, reserved 1048576K
}
Event: 7.107 GC heap after
{Heap after GC invocations=15 (full 0):
 garbage-first heap   total 153600K, used 57824K [0x000000070a200000, 0x0000000800000000)
  region size 2048K, 5 young (10240K), 5 survivors (10240K)
 Metaspace       used 30095K, committed 30528K, reserved 1081344K
  class space    used 3168K, committed 3392K, reserved 1048576K
}
Event: 7.255 GC heap before
{Heap before GC invocations=15 (full 0):
 garbage-first heap   total 153600K, used 113120K [0x000000070a200000, 0x0000000800000000)
  region size 2048K, 33 young (67584K), 5 survivors (10240K)
 Metaspace       used 30118K, committed 30528K, reserved 1081344K
  class space    used 3168K, committed 3392K, reserved 1048576K
}
Event: 7.265 GC heap after
{Heap after GC invocations=16 (full 0):
 garbage-first heap   total 153600K, used 64510K [0x000000070a200000, 0x0000000800000000)
  region size 2048K, 4 young (8192K), 4 survivors (8192K)
 Metaspace       used 30118K, committed 30528K, reserved 1081344K
  class space    used 3168K, committed 3392K, reserved 1048576K
}
Event: 7.837 GC heap before
{Heap before GC invocations=16 (full 0):
 garbage-first heap   total 153600K, used 111614K [0x000000070a200000, 0x0000000800000000)
  region size 2048K, 28 young (57344K), 4 survivors (8192K)
 Metaspace       used 31499K, committed 31872K, reserved 1081344K
  class space    used 3323K, committed 3520K, reserved 1048576K
}
Event: 7.844 GC heap after
{Heap after GC invocations=17 (full 0):
 garbage-first heap   total 208896K, used 71203K [0x000000070a200000, 0x0000000800000000)
  region size 2048K, 4 young (8192K), 4 survivors (8192K)
 Metaspace       used 31499K, committed 31872K, reserved 1081344K
  class space    used 3323K, committed 3520K, reserved 1048576K
}

