# JRE version: Java(TM) SE Runtime Environment (16.0.1+9) (build 16.0.1+9-24)
# Java VM: Java HotSpot(TM) 64-Bit Server VM (16.0.1+9-24, mixed mode, sharing, tiered, compressed oops, compressed class ptrs, g1 gc, windows-amd64)
GC Precious Log:
 CPUs: 6 total, 6 available
 Memory: 15733M
 Large Page Support: Disabled
 NUMA Support: Disabled
 Compressed Oops: Enabled (Zero based)
 Heap Region Size: 2M
 Heap Min Capacity: 8M
 Heap Initial Capacity: 246M
 Heap Max Capacity: 3934M
 Pre-touch: Disabled
 Parallel Workers: 6
 Concurrent Workers: 2
 Concurrent Refinement Workers: 6
 Periodic GC: Disabled
Heap:
 garbage-first heap   total 184320K, used 83986K [0x000000070a200000, 0x0000000800000000)
  region size 2048K, 15 young (30720K), 3 survivors (6144K)
 Metaspace       used 32693K, committed 33088K, reserved 1081344K
  class space    used 3429K, committed 3584K, reserved 1048576K
GC Heap History (20 events):
Event: 5.110 GC heap before
{Heap before GC invocations=5 (full 0):
 garbage-first heap   total 55296K, used 36225K [0x000000070a200000, 0x0000000800000000)
  region size 2048K, 16 young (32768K), 5 survivors (10240K)
 Metaspace       used 23419K, committed 23680K, reserved 1073152K
  class space    used 2556K, committed 2688K, reserved 1048576K
}
Event: 5.125 GC heap after
{Heap after GC invocations=6 (full 0):
 garbage-first heap   total 55296K, used 20823K [0x000000070a200000, 0x0000000800000000)
  region size 2048K, 2 young (4096K), 2 survivors (4096K)
 Metaspace       used 23419K, committed 23680K, reserved 1073152K
  class space    used 2556K, committed 2688K, reserved 1048576K
}
Event: 5.260 GC heap before
{Heap before GC invocations=6 (full 0):
 garbage-first heap   total 55296K, used 35159K [0x000000070a200000, 0x0000000800000000)
  region size 2048K, 10 young (20480K), 2 survivors (4096K)
 Metaspace       used 23462K, committed 23744K, reserved 1073152K
  class space    used 2559K, committed 2688K, reserved 1048576K
}
Event: 5.266 GC heap after
{Heap after GC invocations=7 (full 0):
 garbage-first heap   total 55296K, used 25689K [0x000000070a200000, 0x0000000800000000)
  region size 2048K, 2 young (4096K), 2 survivors (4096K)
 Metaspace       used 23462K, committed 23744K, reserved 1073152K
  class space    used 2559K, committed 2688K, reserved 1048576K
}
Event: 5.335 GC heap before
{Heap before GC invocations=7 (full 0):
 garbage-first heap   total 55296K, used 35929K [0x000000070a200000, 0x0000000800000000)
  region size 2048K, 8 young (16384K), 2 survivors (4096K)
 Metaspace       used 23493K, committed 23744K, reserved 1073152K
  class space    used 2559K, committed 2688K, reserved 1048576K
}
Event: 5.339 GC heap after
{Heap after GC invocations=8 (full 0):
 garbage-first heap   total 55296K, used 28210K [0x000000070a200000, 0x0000000800000000)
  region size 2048K, 1 young (2048K), 1 survivors (2048K)
 Metaspace       used 23493K, committed 23744K, reserved 1073152K
  class space    used 2559K, committed 2688K, reserved 1048576K
}
Event: 5.342 GC heap before
{Heap before GC invocations=8 (full 0):
 garbage-first heap   total 55296K, used 38450K [0x000000070a200000, 0x0000000800000000)
  region size 2048K, 7 young (14336K), 1 survivors (2048K)
 Metaspace       used 23493K, committed 23744K, reserved 1073152K
  class space    used 2559K, committed 2688K, reserved 1048576K
}
Event: 5.344 GC heap after
{Heap after GC invocations=9 (full 0):
 garbage-first heap   total 153600K, used 28780K [0x000000070a200000, 0x0000000800000000)
  region size 2048K, 1 young (2048K), 1 survivors (2048K)
 Metaspace       used 23493K, committed 23744K, reserved 1073152K
  class space    used 2559K, committed 2688K, reserved 1048576K
}
Event: 6.145 GC heap before
{Heap before GC invocations=10 (full 0):
 garbage-first heap   total 153600K, used 96364K [0x000000070a200000, 0x0000000800000000)
  region size 2048K, 35 young (71680K), 1 survivors (2048K)
 Metaspace       used 25479K, committed 25728K, reserved 1073152K
  class space    used 2748K, committed 2880K, reserved 1048576K
}
Event: 6.155 GC heap after
{Heap after GC invocations=11 (full 0):
 garbage-first heap   total 153600K, used 36907K [0x000000070a200000, 0x0000000800000000)
  region size 2048K, 4 young (8192K), 4 survivors (8192K)
 Metaspace       used 25479K, committed 25728K, reserved 1073152K
  class space    used 2748K, committed 2880K, reserved 1048576K
}
Event: 6.859 GC heap before
{Heap before GC invocations=11 (full 0):
 garbage-first heap   total 153600K, used 102443K [0x000000070a200000, 0x0000000800000000)
  region size 2048K, 36 young (73728K), 4 survivors (8192K)
 Metaspace       used 26928K, committed 27200K, reserved 1073152K
  class space    used 2870K, committed 3008K, reserved 1048576K
}
Event: 6.868 GC heap after
{Heap after GC invocations=12 (full 0):
 garbage-first heap   total 153600K, used 38017K [0x000000070a200000, 0x0000000800000000)
  region size 2048K, 1 young (2048K), 1 survivors (2048K)
 Metaspace       used 26928K, committed 27200K, reserved 1073152K
  class space    used 2870K, committed 3008K, reserved 1048576K
}
Event: 8.048 GC heap before
{Heap before GC invocations=12 (full 0):
 garbage-first heap   total 153600K, used 109697K [0x000000070a200000, 0x0000000800000000)
  region size 2048K, 35 young (71680K), 1 survivors (2048K)
 Metaspace       used 29491K, committed 29888K, reserved 1081344K
  class space    used 3122K, committed 3328K, reserved 1048576K
}
Event: 8.054 GC heap after
{Heap after GC invocations=13 (full 0):
 garbage-first heap   total 153600K, used 43006K [0x000000070a200000, 0x0000000800000000)
  region size 2048K, 3 young (6144K), 3 survivors (6144K)
 Metaspace       used 29491K, committed 29888K, reserved 1081344K
  class space    used 3122K, committed 3328K, reserved 1048576K
}
Event: 8.316 GC heap before
{Heap before GC invocations=13 (full 0):
 garbage-first heap   total 153600K, used 108542K [0x000000070a200000, 0x0000000800000000)
  region size 2048K, 36 young (73728K), 3 survivors (6144K)
 Metaspace       used 29541K, committed 29952K, reserved 1081344K
  class space    used 3123K, committed 3328K, reserved 1048576K
}
Event: 8.325 GC heap after
{Heap after GC invocations=14 (full 0):
 garbage-first heap   total 153600K, used 55865K [0x000000070a200000, 0x0000000800000000)
  region size 2048K, 5 young (10240K), 5 survivors (10240K)
 Metaspace       used 29541K, committed 29952K, reserved 1081344K
  class space    used 3123K, committed 3328K, reserved 1048576K
}
Event: 8.559 GC heap before
{Heap before GC invocations=14 (full 0):
 garbage-first heap   total 153600K, used 107065K [0x000000070a200000, 0x0000000800000000)
  region size 2048K, 31 young (63488K), 5 survivors (10240K)
 Metaspace       used 29761K, committed 30144K, reserved 1081344K
  class space    used 3141K, committed 3328K, reserved 1048576K
}
Event: 8.568 GC heap after
{Heap after GC invocations=15 (full 0):
 garbage-first heap   total 153600K, used 60684K [0x000000070a200000, 0x0000000800000000)
  region size 2048K, 3 young (6144K), 3 survivors (6144K)
 Metaspace       used 29761K, committed 30144K, reserved 1081344K
  class space    used 3141K, committed 3328K, reserved 1048576K
}
Event: 9.247 GC heap before
{Heap before GC invocations=15 (full 0):
 garbage-first heap   total 153600K, used 109836K [0x000000070a200000, 0x0000000800000000)
  region size 2048K, 28 young (57344K), 3 survivors (6144K)
 Metaspace       used 31699K, committed 32064K, reserved 1081344K
  class space    used 3333K, committed 3520K, reserved 1048576K
}
Event: 9.251 GC heap after
{Heap after GC invocations=16 (full 0):
 garbage-first heap   total 184320K, used 61458K [0x000000070a200000, 0x0000000800000000)
  region size 2048K, 3 young (6144K), 3 survivors (6144K)
 Metaspace       used 31699K, committed 32064K, reserved 1081344K
  class space    used 3333K, committed 3520K, reserved 1048576K
}

