# JRE version: Java(TM) SE Runtime Environment (16.0.1+9) (build 16.0.1+9-24)
# Java VM: Java HotSpot(TM) 64-Bit Server VM (16.0.1+9-24, mixed mode, sharing, tiered, compressed oops, compressed class ptrs, g1 gc, windows-amd64)
GC Precious Log:
 CPUs: 6 total, 6 available
 Memory: 15733M
 Large Page Support: Disabled
 NUMA Support: Disabled
 Compressed Oops: Enabled (Zero based)
 Heap Region Size: 2M
 Heap Min Capacity: 8M
 Heap Initial Capacity: 246M
 Heap Max Capacity: 3934M
 Pre-touch: Disabled
 Parallel Workers: 6
 Concurrent Workers: 2
 Concurrent Refinement Workers: 6
 Periodic GC: Disabled
Heap:
 garbage-first heap   total 315392K, used 161320K [0x000000070a200000, 0x0000000800000000)
  region size 2048K, 58 young (118784K), 10 survivors (20480K)
 Metaspace       used 33258K, committed 33600K, reserved 1081344K
  class space    used 3479K, committed 3648K, reserved 1048576K
GC Heap History (20 events):
Event: 3.291 GC heap before
{Heap before GC invocations=2 (full 0):
 garbage-first heap   total 251904K, used 152416K [0x000000070a200000, 0x0000000800000000)
  region size 2048K, 73 young (149504K), 1 survivors (2048K)
 Metaspace       used 17280K, committed 17472K, reserved 1064960K
  class space    used 1857K, committed 1984K, reserved 1048576K
}
Event: 3.297 GC heap after
{Heap after GC invocations=3 (full 0):
 garbage-first heap   total 251904K, used 13185K [0x000000070a200000, 0x0000000800000000)
  region size 2048K, 5 young (10240K), 5 survivors (10240K)
 Metaspace       used 17280K, committed 17472K, reserved 1064960K
  class space    used 1857K, committed 1984K, reserved 1048576K
}
Event: 3.441 GC heap before
{Heap before GC invocations=3 (full 0):
 garbage-first heap   total 251904K, used 48001K [0x000000070a200000, 0x0000000800000000)
  region size 2048K, 24 young (49152K), 5 survivors (10240K)
 Metaspace       used 21072K, committed 21248K, reserved 1073152K
  class space    used 2324K, committed 2432K, reserved 1048576K
}
Event: 3.445 GC heap after
{Heap after GC invocations=4 (full 0):
 garbage-first heap   total 251904K, used 13713K [0x000000070a200000, 0x0000000800000000)
  region size 2048K, 5 young (10240K), 5 survivors (10240K)
 Metaspace       used 21072K, committed 21248K, reserved 1073152K
  class space    used 2324K, committed 2432K, reserved 1048576K
}
Event: 3.760 GC heap before
{Heap before GC invocations=5 (full 0):
 garbage-first heap   total 55296K, used 40337K [0x000000070a200000, 0x0000000800000000)
  region size 2048K, 18 young (36864K), 5 survivors (10240K)
 Metaspace       used 23502K, committed 23744K, reserved 1073152K
  class space    used 2561K, committed 2688K, reserved 1048576K
}
Event: 3.772 GC heap after
{Heap after GC invocations=6 (full 0):
 garbage-first heap   total 61440K, used 23244K [0x000000070a200000, 0x0000000800000000)
  region size 2048K, 3 young (6144K), 3 survivors (6144K)
 Metaspace       used 23502K, committed 23744K, reserved 1073152K
  class space    used 2561K, committed 2688K, reserved 1048576K
}
Event: 3.881 GC heap before
{Heap before GC invocations=6 (full 0):
 garbage-first heap   total 61440K, used 39628K [0x000000070a200000, 0x0000000800000000)
  region size 2048K, 12 young (24576K), 3 survivors (6144K)
 Metaspace       used 23543K, committed 23808K, reserved 1073152K
  class space    used 2562K, committed 2688K, reserved 1048576K
}
Event: 3.886 GC heap after
{Heap after GC invocations=7 (full 0):
 garbage-first heap   total 61440K, used 28982K [0x000000070a200000, 0x0000000800000000)
  region size 2048K, 2 young (4096K), 2 survivors (4096K)
 Metaspace       used 23543K, committed 23808K, reserved 1073152K
  class space    used 2562K, committed 2688K, reserved 1048576K
}
Event: 3.892 GC heap before
{Heap before GC invocations=7 (full 0):
 garbage-first heap   total 61440K, used 41270K [0x000000070a200000, 0x0000000800000000)
  region size 2048K, 9 young (18432K), 2 survivors (4096K)
 Metaspace       used 23543K, committed 23808K, reserved 1073152K
  class space    used 2562K, committed 2688K, reserved 1048576K
}
Event: 3.895 GC heap after
{Heap after GC invocations=8 (full 0):
 garbage-first heap   total 157696K, used 31377K [0x000000070a200000, 0x0000000800000000)
  region size 2048K, 1 young (2048K), 1 survivors (2048K)
 Metaspace       used 23543K, committed 23808K, reserved 1073152K
  class space    used 2562K, committed 2688K, reserved 1048576K
}
Event: 4.167 GC heap before
{Heap before GC invocations=8 (full 0):
 garbage-first heap   total 157696K, used 84625K [0x000000070a200000, 0x0000000800000000)
  region size 2048K, 28 young (57344K), 1 survivors (2048K)
 Metaspace       used 24357K, committed 24640K, reserved 1073152K
  class space    used 2629K, committed 2752K, reserved 1048576K
}
Event: 4.174 GC heap after
{Heap after GC invocations=9 (full 0):
 garbage-first heap   total 157696K, used 39488K [0x000000070a200000, 0x0000000800000000)
  region size 2048K, 4 young (8192K), 4 survivors (8192K)
 Metaspace       used 24357K, committed 24640K, reserved 1073152K
  class space    used 2629K, committed 2752K, reserved 1048576K
}
Event: 4.949 GC heap before
{Heap before GC invocations=9 (full 0):
 garbage-first heap   total 157696K, used 94784K [0x000000070a200000, 0x0000000800000000)
  region size 2048K, 31 young (63488K), 4 survivors (8192K)
 Metaspace       used 26680K, committed 26944K, reserved 1073152K
  class space    used 2851K, committed 2944K, reserved 1048576K
}
Event: 4.957 GC heap after
{Heap after GC invocations=10 (full 0):
 garbage-first heap   total 157696K, used 43031K [0x000000070a200000, 0x0000000800000000)
  region size 2048K, 2 young (4096K), 2 survivors (4096K)
 Metaspace       used 26680K, committed 26944K, reserved 1073152K
  class space    used 2851K, committed 2944K, reserved 1048576K
}
Event: 5.206 GC heap before
{Heap before GC invocations=10 (full 0):
 garbage-first heap   total 157696K, used 100375K [0x000000070a200000, 0x0000000800000000)
  region size 2048K, 30 young (61440K), 2 survivors (4096K)
 Metaspace       used 27235K, committed 27520K, reserved 1081344K
  class space    used 2912K, committed 3072K, reserved 1048576K
}
Event: 5.212 GC heap after
{Heap after GC invocations=11 (full 0):
 garbage-first heap   total 157696K, used 43997K [0x000000070a200000, 0x0000000800000000)
  region size 2048K, 3 young (6144K), 3 survivors (6144K)
 Metaspace       used 27235K, committed 27520K, reserved 1081344K
  class space    used 2912K, committed 3072K, reserved 1048576K
}
Event: 5.605 GC heap before
{Heap before GC invocations=11 (full 0):
 garbage-first heap   total 157696K, used 103389K [0x000000070a200000, 0x0000000800000000)
  region size 2048K, 32 young (65536K), 3 survivors (6144K)
 Metaspace       used 28581K, committed 28992K, reserved 1081344K
  class space    used 3062K, committed 3264K, reserved 1048576K
}
Event: 5.611 GC heap after
{Heap after GC invocations=12 (full 0):
 garbage-first heap   total 315392K, used 44957K [0x000000070a200000, 0x0000000800000000)
  region size 2048K, 1 young (2048K), 1 survivors (2048K)
 Metaspace       used 28581K, committed 28992K, reserved 1081344K
  class space    used 3062K, committed 3264K, reserved 1048576K
}
Event: 6.579 GC heap before
{Heap before GC invocations=12 (full 0):
 garbage-first heap   total 315392K, used 206749K [0x000000070a200000, 0x0000000800000000)
  region size 2048K, 80 young (163840K), 1 survivors (2048K)
 Metaspace       used 30174K, committed 30592K, reserved 1081344K
  class space    used 3168K, committed 3392K, reserved 1048576K
}
Event: 6.588 GC heap after
{Heap after GC invocations=13 (full 0):
 garbage-first heap   total 315392K, used 65064K [0x000000070a200000, 0x0000000800000000)
  region size 2048K, 10 young (20480K), 10 survivors (20480K)
 Metaspace       used 30174K, committed 30592K, reserved 1081344K
  class space    used 3168K, committed 3392K, reserved 1048576K
}

